demo/build/outputs/logs/manifest-merger-debug-report.txt
-- Merging decision tree log ---
meta-data#com.amap.api.v2.apikey
INJECTED from nim_demo\demo\AndroidManifest.xml:76:9-78:43
	android:value
		INJECTED from nim_demo\demo\AndroidManifest.xml
		ADDED from nim_demo\demo\AndroidManifest.xml:78:13-40
	android:name
		ADDED from nim_demo\demo\AndroidManifest.xml:77:13-50
manifest
ADDED from nim_demo\demo\AndroidManifest.xml:2:1-549:12
INJECTED from nim_demo\demo\AndroidManifest.xml:2:1-549:12
INJECTED from nim_demo\demo\AndroidManifest.xml:2:1-549:12
MERGED from [com.crashlytics.sdk.android:crashlytics:2.8.0] AndroidManifest.xml:2:1-19:12
MERGED from [com.google.firebase:firebase-core:11.6.0] AndroidManifest.xml:2:1-6:12
MERGED from [com.android.support:multidex:1.0.2] AndroidManifest.xml:17:1-22:12
MERGED from [:uikit] AndroidManifest.xml:2:1-164:12
MERGED from [:jrmfneteaselib] AndroidManifest.xml:2:1-80:12
MERGED from [:avchatkit] AndroidManifest.xml:2:1-44:12
MERGED from [:HMS-SDK-2.4.0.300:] AndroidManifest.xml:2:1-11:12
MERGED from [com.google.firebase:firebase-messaging:11.6.0] AndroidManifest.xml:16:1-30:12
MERGED from [com.google.android.gms:play-services-base:11.6.0] AndroidManifest.xml:16:1-21:12
MERGED from [com.meizu.flyme.internet:push-internal:3.4.2] AndroidManifest.xml:2:1-35:12
MERGED from [com.netease.nimlib:jsbridge:1.3.1] AndroidManifest.xml:2:1-17:12
MERGED from [com.crashlytics.sdk.android:crashlytics-core:2.5.0] AndroidManifest.xml:45:1-56:12
MERGED from [com.crashlytics.sdk.android:beta:1.2.7] AndroidManifest.xml:2:1-13:12
MERGED from [com.crashlytics.sdk.android:answers:1.4.1] AndroidManifest.xml:2:1-13:12
MERGED from [io.fabric.sdk.android:fabric:1.4.1] AndroidManifest.xml:22:1-33:12
MERGED from [com.google.firebase:firebase-analytics:11.6.0] AndroidManifest.xml:16:1-35:12
MERGED from [:faceunity] AndroidManifest.xml:2:1-15:12
MERGED from [com.android.support:design:26.1.0] AndroidManifest.xml:17:1-31:12
MERGED from [com.android.support:appcompat-v7:26.1.0] AndroidManifest.xml:17:1-31:12
MERGED from [com.google.firebase:firebase-analytics-impl:11.6.0] AndroidManifest.xml:16:1-29:12
MERGED from [com.google.firebase:firebase-iid:11.6.0] AndroidManifest.xml:16:1-47:12
MERGED from [com.google.firebase:firebase-common:11.6.0] AndroidManifest.xml:2:1-8:12
MERGED from [com.google.android.gms:play-services-tasks:11.6.0] AndroidManifest.xml:2:1-5:12
MERGED from [com.google.android.gms:play-services-basement:11.6.0] AndroidManifest.xml:16:1-23:12
MERGED from [com.android.support:transition:26.1.0] AndroidManifest.xml:17:1-28:12
MERGED from [org.adw.library:discrete-seekbar:1.0.1] AndroidManifest.xml:17:1-30:12
MERGED from [com.android.support:support-v4:26.1.0] AndroidManifest.xml:17:1-31:12
MERGED from [com.android.support.constraint:constraint-layout:1.0.2] AndroidManifest.xml:2:1-11:12
MERGED from [me.everything:overscroll-decor-android:1.0.4] AndroidManifest.xml:2:1-12:12
MERGED from [me.leolin:ShortcutBadger:1.1.17] AndroidManifest.xml:2:1-52:12
MERGED from [jp.wasabeef:glide-transformations:3.0.1] AndroidManifest.xml:2:1-12:12
MERGED from [com.android.support:recyclerview-v7:26.1.0] AndroidManifest.xml:17:1-28:12
MERGED from [com.google.firebase:firebase-messaging-license:11.6.0] AndroidManifest.xml:2:1-6:12
MERGED from [com.google.android.gms:play-services-base-license:11.6.0] AndroidManifest.xml:2:1-6:12
MERGED from [com.google.firebase:firebase-analytics-license:11.6.0] AndroidManifest.xml:2:1-6:12
MERGED from [com.android.support:animated-vector-drawable:26.1.0] AndroidManifest.xml:17:1-28:12
MERGED from [com.android.support:support-vector-drawable:26.1.0] AndroidManifest.xml:17:1-28:12
MERGED from [com.android.support:support-fragment:26.1.0] AndroidManifest.xml:17:1-31:12
MERGED from [com.android.support:support-core-ui:26.1.0] AndroidManifest.xml:17:1-31:12
MERGED from [com.android.support:support-media-compat:26.1.0] AndroidManifest.xml:17:1-31:12
MERGED from [com.android.support:support-core-utils:26.1.0] AndroidManifest.xml:17:1-31:12
MERGED from [com.android.support:support-compat:26.1.0] AndroidManifest.xml:17:1-31:12
MERGED from [com.google.firebase:firebase-iid-license:11.6.0] AndroidManifest.xml:2:1-6:12
MERGED from [com.google.android.gms:play-services-basement-license:11.6.0] AndroidManifest.xml:2:1-6:12
MERGED from [com.google.firebase:firebase-common-license:11.6.0] AndroidManifest.xml:2:1-6:12
MERGED from [com.google.android.gms:play-services-tasks-license:11.6.0] AndroidManifest.xml:2:1-6:12
MERGED from [com.google.firebase:firebase-analytics-impl-license:11.6.0] AndroidManifest.xml:2:1-6:12
MERGED from [android.arch.lifecycle:runtime:1.0.0] AndroidManifest.xml:17:1-30:12
INJECTED from nim_demo\demo\AndroidManifest.xml:2:1-549:12
INJECTED from nim_demo\demo\AndroidManifest.xml:2:1-549:12
	package
		ADDED from nim_demo\demo\AndroidManifest.xml:3:5-35
	android:versionName
		INJECTED from nim_demo\demo\AndroidManifest.xml
		ADDED from nim_demo\demo\AndroidManifest.xml:2:1-549:12
		INJECTED from nim_demo\demo\AndroidManifest.xml
	android:versionCode
		INJECTED from nim_demo\demo\AndroidManifest.xml
		ADDED from nim_demo\demo\AndroidManifest.xml:2:1-549:12
		INJECTED from nim_demo\demo\AndroidManifest.xml
	xmlns:android
		ADDED from nim_demo\demo\AndroidManifest.xml:2:11-69
	android:installLocation
		ADDED from nim_demo\demo\AndroidManifest.xml:4:5-35
uses-permission#android.permission.INTERNET
ADDED from nim_demo\demo\AndroidManifest.xml:8:5-67
MERGED from [com.crashlytics.sdk.android:crashlytics:2.8.0] AndroidManifest.xml:9:5-67
MERGED from [com.crashlytics.sdk.android:crashlytics:2.8.0] AndroidManifest.xml:9:5-67
MERGED from [:jrmfneteaselib] AndroidManifest.xml:11:5-67
MERGED from [:jrmfneteaselib] AndroidManifest.xml:11:5-67
MERGED from [com.meizu.flyme.internet:push-internal:3.4.2] AndroidManifest.xml:12:5-67
MERGED from [com.meizu.flyme.internet:push-internal:3.4.2] AndroidManifest.xml:12:5-67
MERGED from [com.crashlytics.sdk.android:crashlytics-core:2.5.0] AndroidManifest.xml:52:5-67
MERGED from [com.crashlytics.sdk.android:crashlytics-core:2.5.0] AndroidManifest.xml:52:5-67
MERGED from [com.crashlytics.sdk.android:beta:1.2.7] AndroidManifest.xml:9:5-67
MERGED from [com.crashlytics.sdk.android:beta:1.2.7] AndroidManifest.xml:9:5-67
MERGED from [com.crashlytics.sdk.android:answers:1.4.1] AndroidManifest.xml:9:5-67
MERGED from [com.crashlytics.sdk.android:answers:1.4.1] AndroidManifest.xml:9:5-67
MERGED from [io.fabric.sdk.android:fabric:1.4.1] AndroidManifest.xml:29:5-67
MERGED from [io.fabric.sdk.android:fabric:1.4.1] AndroidManifest.xml:29:5-67
MERGED from [com.google.firebase:firebase-analytics:11.6.0] AndroidManifest.xml:20:5-66
MERGED from [com.google.firebase:firebase-analytics:11.6.0] AndroidManifest.xml:20:5-66
MERGED from [com.google.firebase:firebase-analytics-impl:11.6.0] AndroidManifest.xml:20:5-66
MERGED from [com.google.firebase:firebase-analytics-impl:11.6.0] AndroidManifest.xml:20:5-66
MERGED from [com.google.firebase:firebase-iid:11.6.0] AndroidManifest.xml:20:5-66
MERGED from [com.google.firebase:firebase-iid:11.6.0] AndroidManifest.xml:20:5-66
	android:name
		ADDED from nim_demo\demo\AndroidManifest.xml:8:22-64
uses-permission#android.permission.ACCESS_NETWORK_STATE
ADDED from nim_demo\demo\AndroidManifest.xml:9:5-79
MERGED from [:jrmfneteaselib] AndroidManifest.xml:12:5-79
MERGED from [:jrmfneteaselib] AndroidManifest.xml:12:5-79
MERGED from [:avchatkit] AndroidManifest.xml:11:5-79
MERGED from [:avchatkit] AndroidManifest.xml:11:5-79
MERGED from [com.meizu.flyme.internet:push-internal:3.4.2] AndroidManifest.xml:14:5-79
MERGED from [com.meizu.flyme.internet:push-internal:3.4.2] AndroidManifest.xml:14:5-79
MERGED from [com.google.firebase:firebase-analytics:11.6.0] AndroidManifest.xml:21:5-78
MERGED from [com.google.firebase:firebase-analytics:11.6.0] AndroidManifest.xml:21:5-78
MERGED from [com.google.firebase:firebase-analytics-impl:11.6.0] AndroidManifest.xml:21:5-78
MERGED from [com.google.firebase:firebase-analytics-impl:11.6.0] AndroidManifest.xml:21:5-78
MERGED from [com.google.firebase:firebase-iid:11.6.0] AndroidManifest.xml:19:5-78
MERGED from [com.google.firebase:firebase-iid:11.6.0] AndroidManifest.xml:19:5-78
	android:name
		ADDED from nim_demo\demo\AndroidManifest.xml:9:22-76
uses-permission#android.permission.ACCESS_WIFI_STATE
ADDED from nim_demo\demo\AndroidManifest.xml:10:5-76
MERGED from [:jrmfneteaselib] AndroidManifest.xml:13:5-76
MERGED from [:jrmfneteaselib] AndroidManifest.xml:13:5-76
MERGED from [:avchatkit] AndroidManifest.xml:12:5-76
MERGED from [:avchatkit] AndroidManifest.xml:12:5-76
MERGED from [com.meizu.flyme.internet:push-internal:3.4.2] AndroidManifest.xml:17:5-76
MERGED from [com.meizu.flyme.internet:push-internal:3.4.2] AndroidManifest.xml:17:5-76
	android:name
		ADDED from nim_demo\demo\AndroidManifest.xml:10:22-73
uses-permission#android.permission.CHANGE_WIFI_STATE
ADDED from nim_demo\demo\AndroidManifest.xml:11:5-76
	android:name
		ADDED from nim_demo\demo\AndroidManifest.xml:11:22-73
uses-permission#android.permission.READ_EXTERNAL_STORAGE
ADDED from nim_demo\demo\AndroidManifest.xml:14:5-80
MERGED from [:jrmfneteaselib] AndroidManifest.xml:16:5-80
MERGED from [:jrmfneteaselib] AndroidManifest.xml:16:5-80
MERGED from [com.meizu.flyme.internet:push-internal:3.4.2] AndroidManifest.xml:15:5-80
MERGED from [com.meizu.flyme.internet:push-internal:3.4.2] AndroidManifest.xml:15:5-80
	android:name
		ADDED from nim_demo\demo\AndroidManifest.xml:14:22-77
uses-permission#android.permission.WRITE_EXTERNAL_STORAGE
ADDED from nim_demo\demo\AndroidManifest.xml:15:5-81
MERGED from [:jrmfneteaselib] AndroidManifest.xml:15:5-81
MERGED from [:jrmfneteaselib] AndroidManifest.xml:15:5-81
MERGED from [com.meizu.flyme.internet:push-internal:3.4.2] AndroidManifest.xml:16:5-81
MERGED from [com.meizu.flyme.internet:push-internal:3.4.2] AndroidManifest.xml:16:5-81
	android:name
		ADDED from nim_demo\demo\AndroidManifest.xml:15:22-78
uses-permission#android.permission.ACCESS_FINE_LOCATION
ADDED from nim_demo\demo\AndroidManifest.xml:18:5-79
	android:name
		ADDED from nim_demo\demo\AndroidManifest.xml:18:22-76
uses-permission#android.permission.ACCESS_COARSE_LOCATION
ADDED from nim_demo\demo\AndroidManifest.xml:19:5-81
MERGED from [com.meizu.flyme.internet:push-internal:3.4.2] AndroidManifest.xml:11:5-81
MERGED from [com.meizu.flyme.internet:push-internal:3.4.2] AndroidManifest.xml:11:5-81
	android:name
		ADDED from nim_demo\demo\AndroidManifest.xml:19:22-78
uses-permission#android.permission.ACCESS_LOCATION_EXTRA_COMMANDS
ADDED from nim_demo\demo\AndroidManifest.xml:20:5-89
	android:name
		ADDED from nim_demo\demo\AndroidManifest.xml:20:22-86
uses-permission#android.permission.READ_PHONE_STATE
ADDED from nim_demo\demo\AndroidManifest.xml:23:5-75
MERGED from [com.meizu.flyme.internet:push-internal:3.4.2] AndroidManifest.xml:13:5-75
MERGED from [com.meizu.flyme.internet:push-internal:3.4.2] AndroidManifest.xml:13:5-75
	android:name
		ADDED from nim_demo\demo\AndroidManifest.xml:23:22-72
uses-permission#android.permission.CAMERA
ADDED from nim_demo\demo\AndroidManifest.xml:24:5-65
	android:name
		ADDED from nim_demo\demo\AndroidManifest.xml:24:22-62
uses-permission#android.permission.RECORD_AUDIO
ADDED from nim_demo\demo\AndroidManifest.xml:25:5-71
	android:name
		ADDED from nim_demo\demo\AndroidManifest.xml:25:22-68
uses-permission#android.permission.BLUETOOTH
ADDED from nim_demo\demo\AndroidManifest.xml:26:5-68
	android:name
		ADDED from nim_demo\demo\AndroidManifest.xml:26:22-65
uses-permission#android.permission.BLUETOOTH_ADMIN
ADDED from nim_demo\demo\AndroidManifest.xml:27:5-74
	android:name
		ADDED from nim_demo\demo\AndroidManifest.xml:27:22-71
uses-permission#android.permission.GET_TASKS
ADDED from nim_demo\demo\AndroidManifest.xml:30:5-68
	android:name
		ADDED from nim_demo\demo\AndroidManifest.xml:30:22-65
uses-permission#android.permission.FLASHLIGHT
ADDED from nim_demo\demo\AndroidManifest.xml:31:5-69
	android:name
		ADDED from nim_demo\demo\AndroidManifest.xml:31:22-66
uses-permission#android.permission.VIBRATE
ADDED from nim_demo\demo\AndroidManifest.xml:32:5-66
	android:name
		ADDED from nim_demo\demo\AndroidManifest.xml:32:22-63
uses-permission#android.permission.CHANGE_CONFIGURATION
ADDED from nim_demo\demo\AndroidManifest.xml:33:5-79
	android:name
		ADDED from nim_demo\demo\AndroidManifest.xml:33:22-76
uses-permission#android.permission.MODIFY_AUDIO_SETTINGS
ADDED from nim_demo\demo\AndroidManifest.xml:34:5-80
	android:name
		ADDED from nim_demo\demo\AndroidManifest.xml:34:22-77
uses-permission#android.permission.WRITE_SETTINGS
ADDED from nim_demo\demo\AndroidManifest.xml:35:5-73
	android:name
		ADDED from nim_demo\demo\AndroidManifest.xml:35:22-70
uses-permission#android.permission.DISABLE_KEYGUARD
ADDED from nim_demo\demo\AndroidManifest.xml:37:5-75
	android:name
		ADDED from nim_demo\demo\AndroidManifest.xml:37:22-72
uses-permission#android.permission.WAKE_LOCK
ADDED from nim_demo\demo\AndroidManifest.xml:38:5-68
MERGED from [com.google.firebase:firebase-analytics:11.6.0] AndroidManifest.xml:22:5-67
MERGED from [com.google.firebase:firebase-analytics:11.6.0] AndroidManifest.xml:22:5-67
MERGED from [com.google.firebase:firebase-analytics-impl:11.6.0] AndroidManifest.xml:22:5-67
MERGED from [com.google.firebase:firebase-analytics-impl:11.6.0] AndroidManifest.xml:22:5-67
MERGED from [com.google.firebase:firebase-iid:11.6.0] AndroidManifest.xml:21:5-67
MERGED from [com.google.firebase:firebase-iid:11.6.0] AndroidManifest.xml:21:5-67
	android:name
		ADDED from nim_demo\demo\AndroidManifest.xml:38:22-65
permission#com.netease.nim.demo.permission.RECEIVE_MSG
ADDED from nim_demo\demo\AndroidManifest.xml:42:5-44:47
	android:protectionLevel
		ADDED from nim_demo\demo\AndroidManifest.xml:44:9-44
	android:name
		ADDED from nim_demo\demo\AndroidManifest.xml:43:9-67
uses-permission#com.netease.nim.demo.permission.RECEIVE_MSG
ADDED from nim_demo\demo\AndroidManifest.xml:47:5-83
	android:name
		ADDED from nim_demo\demo\AndroidManifest.xml:47:22-80
permission#com.netease.nim.demo.permission.MIPUSH_RECEIVE
ADDED from nim_demo\demo\AndroidManifest.xml:50:5-52:47
	android:protectionLevel
		ADDED from nim_demo\demo\AndroidManifest.xml:52:9-44
	android:name
		ADDED from nim_demo\demo\AndroidManifest.xml:51:9-70
uses-permission#com.netease.nim.demo.permission.MIPUSH_RECEIVE
ADDED from nim_demo\demo\AndroidManifest.xml:53:5-86
	android:name
		ADDED from nim_demo\demo\AndroidManifest.xml:53:22-83
uses-permission#com.meizu.flyme.push.permission.RECEIVE
ADDED from nim_demo\demo\AndroidManifest.xml:58:5-79
	android:name
		ADDED from nim_demo\demo\AndroidManifest.xml:58:22-76
permission#com.netease.nim.demo.push.permission.MESSAGE
ADDED from nim_demo\demo\AndroidManifest.xml:59:5-60:46
	android:protectionLevel
		ADDED from nim_demo\demo\AndroidManifest.xml:60:9-44
	android:name
		ADDED from nim_demo\demo\AndroidManifest.xml:59:17-76
uses-permission#com.netease.nim.demo.push.permission.MESSAGE
ADDED from nim_demo\demo\AndroidManifest.xml:61:5-84
	android:name
		ADDED from nim_demo\demo\AndroidManifest.xml:61:22-81
uses-permission#com.meizu.c2dm.permission.RECEIVE
ADDED from nim_demo\demo\AndroidManifest.xml:63:5-73
	android:name
		ADDED from nim_demo\demo\AndroidManifest.xml:63:22-70
permission#com.netease.nim.demo.permission.C2D_MESSAGE
ADDED from nim_demo\demo\AndroidManifest.xml:64:5-65:47
MERGED from [com.google.firebase:firebase-iid:11.6.0] AndroidManifest.xml:25:5-109
	android:protectionLevel
		ADDED from nim_demo\demo\AndroidManifest.xml:65:9-44
	android:name
		ADDED from nim_demo\demo\AndroidManifest.xml:64:17-75
uses-permission#com.netease.nim.demo.permission.C2D_MESSAGE
ADDED from nim_demo\demo\AndroidManifest.xml:66:5-82
MERGED from [com.google.firebase:firebase-iid:11.6.0] AndroidManifest.xml:27:5-78
	android:name
		ADDED from nim_demo\demo\AndroidManifest.xml:66:22-80
application
ADDED from nim_demo\demo\AndroidManifest.xml:68:5-547:19
MERGED from [com.crashlytics.sdk.android:crashlytics:2.8.0] AndroidManifest.xml:11:5-17:19
MERGED from [com.crashlytics.sdk.android:crashlytics:2.8.0] AndroidManifest.xml:11:5-17:19
MERGED from [com.google.firebase:firebase-core:11.6.0] AndroidManifest.xml:5:5-20
MERGED from [com.google.firebase:firebase-core:11.6.0] AndroidManifest.xml:5:5-20
MERGED from [:uikit] AndroidManifest.xml:11:5-162:19
MERGED from [:uikit] AndroidManifest.xml:11:5-162:19
MERGED from [:jrmfneteaselib] AndroidManifest.xml:18:5-78:19
MERGED from [:jrmfneteaselib] AndroidManifest.xml:18:5-78:19
MERGED from [:avchatkit] AndroidManifest.xml:14:5-42:19
MERGED from [:avchatkit] AndroidManifest.xml:14:5-42:19
MERGED from [com.google.firebase:firebase-messaging:11.6.0] AndroidManifest.xml:19:5-29:19
MERGED from [com.google.firebase:firebase-messaging:11.6.0] AndroidManifest.xml:19:5-29:19
MERGED from [com.google.android.gms:play-services-base:11.6.0] AndroidManifest.xml:18:5-20:19
MERGED from [com.google.android.gms:play-services-base:11.6.0] AndroidManifest.xml:18:5-20:19
MERGED from [com.meizu.flyme.internet:push-internal:3.4.2] AndroidManifest.xml:19:5-33:19
MERGED from [com.meizu.flyme.internet:push-internal:3.4.2] AndroidManifest.xml:19:5-33:19
MERGED from [com.netease.nimlib:jsbridge:1.3.1] AndroidManifest.xml:11:5-15:19
MERGED from [com.netease.nimlib:jsbridge:1.3.1] AndroidManifest.xml:11:5-15:19
MERGED from [com.crashlytics.sdk.android:crashlytics-core:2.5.0] AndroidManifest.xml:54:5-20
MERGED from [com.crashlytics.sdk.android:crashlytics-core:2.5.0] AndroidManifest.xml:54:5-20
MERGED from [com.crashlytics.sdk.android:beta:1.2.7] AndroidManifest.xml:11:5-20
MERGED from [com.crashlytics.sdk.android:beta:1.2.7] AndroidManifest.xml:11:5-20
MERGED from [com.crashlytics.sdk.android:answers:1.4.1] AndroidManifest.xml:11:5-20
MERGED from [com.crashlytics.sdk.android:answers:1.4.1] AndroidManifest.xml:11:5-20
MERGED from [io.fabric.sdk.android:fabric:1.4.1] AndroidManifest.xml:31:5-20
MERGED from [io.fabric.sdk.android:fabric:1.4.1] AndroidManifest.xml:31:5-20
MERGED from [com.google.firebase:firebase-analytics:11.6.0] AndroidManifest.xml:24:5-34:19
MERGED from [com.google.firebase:firebase-analytics:11.6.0] AndroidManifest.xml:24:5-34:19
MERGED from [:faceunity] AndroidManifest.xml:9:5-13:19
MERGED from [:faceunity] AndroidManifest.xml:9:5-13:19
MERGED from [com.android.support:design:26.1.0] AndroidManifest.xml:25:5-29:19
MERGED from [com.android.support:design:26.1.0] AndroidManifest.xml:25:5-29:19
MERGED from [com.android.support:appcompat-v7:26.1.0] AndroidManifest.xml:25:5-29:19
MERGED from [com.android.support:appcompat-v7:26.1.0] AndroidManifest.xml:25:5-29:19
MERGED from [com.google.firebase:firebase-analytics-impl:11.6.0] AndroidManifest.xml:24:5-28:19
MERGED from [com.google.firebase:firebase-analytics-impl:11.6.0] AndroidManifest.xml:24:5-28:19
MERGED from [com.google.firebase:firebase-iid:11.6.0] AndroidManifest.xml:29:5-46:19
MERGED from [com.google.firebase:firebase-iid:11.6.0] AndroidManifest.xml:29:5-46:19
MERGED from [com.google.firebase:firebase-common:11.6.0] AndroidManifest.xml:4:5-7:19
MERGED from [com.google.firebase:firebase-common:11.6.0] AndroidManifest.xml:4:5-7:19
MERGED from [com.google.android.gms:play-services-tasks:11.6.0] AndroidManifest.xml:4:5-19
MERGED from [com.google.android.gms:play-services-tasks:11.6.0] AndroidManifest.xml:4:5-19
MERGED from [com.google.android.gms:play-services-basement:11.6.0] AndroidManifest.xml:19:5-21:19
MERGED from [com.google.android.gms:play-services-basement:11.6.0] AndroidManifest.xml:19:5-21:19
MERGED from [com.android.support:transition:26.1.0] AndroidManifest.xml:22:5-26:19
MERGED from [com.android.support:transition:26.1.0] AndroidManifest.xml:22:5-26:19
MERGED from [org.adw.library:discrete-seekbar:1.0.1] AndroidManifest.xml:27:5-28:19
MERGED from [org.adw.library:discrete-seekbar:1.0.1] AndroidManifest.xml:27:5-28:19
MERGED from [com.android.support:support-v4:26.1.0] AndroidManifest.xml:25:5-29:19
MERGED from [com.android.support:support-v4:26.1.0] AndroidManifest.xml:25:5-29:19
MERGED from [com.android.support.constraint:constraint-layout:1.0.2] AndroidManifest.xml:9:5-20
MERGED from [com.android.support.constraint:constraint-layout:1.0.2] AndroidManifest.xml:9:5-20
MERGED from [com.android.support:recyclerview-v7:26.1.0] AndroidManifest.xml:22:5-26:19
MERGED from [com.android.support:recyclerview-v7:26.1.0] AndroidManifest.xml:22:5-26:19
MERGED from [com.google.firebase:firebase-messaging-license:11.6.0] AndroidManifest.xml:5:5-20
MERGED from [com.google.firebase:firebase-messaging-license:11.6.0] AndroidManifest.xml:5:5-20
MERGED from [com.google.android.gms:play-services-base-license:11.6.0] AndroidManifest.xml:5:5-20
MERGED from [com.google.android.gms:play-services-base-license:11.6.0] AndroidManifest.xml:5:5-20
MERGED from [com.google.firebase:firebase-analytics-license:11.6.0] AndroidManifest.xml:5:5-20
MERGED from [com.google.firebase:firebase-analytics-license:11.6.0] AndroidManifest.xml:5:5-20
MERGED from [com.android.support:animated-vector-drawable:26.1.0] AndroidManifest.xml:22:5-26:19
MERGED from [com.android.support:animated-vector-drawable:26.1.0] AndroidManifest.xml:22:5-26:19
MERGED from [com.android.support:support-vector-drawable:26.1.0] AndroidManifest.xml:22:5-26:19
MERGED from [com.android.support:support-vector-drawable:26.1.0] AndroidManifest.xml:22:5-26:19
MERGED from [com.android.support:support-fragment:26.1.0] AndroidManifest.xml:25:5-29:19
MERGED from [com.android.support:support-fragment:26.1.0] AndroidManifest.xml:25:5-29:19
MERGED from [com.android.support:support-core-ui:26.1.0] AndroidManifest.xml:25:5-29:19
MERGED from [com.android.support:support-core-ui:26.1.0] AndroidManifest.xml:25:5-29:19
MERGED from [com.android.support:support-media-compat:26.1.0] AndroidManifest.xml:25:5-29:19
MERGED from [com.android.support:support-media-compat:26.1.0] AndroidManifest.xml:25:5-29:19
MERGED from [com.android.support:support-core-utils:26.1.0] AndroidManifest.xml:25:5-29:19
MERGED from [com.android.support:support-core-utils:26.1.0] AndroidManifest.xml:25:5-29:19
MERGED from [com.android.support:support-compat:26.1.0] AndroidManifest.xml:25:5-29:19
MERGED from [com.android.support:support-compat:26.1.0] AndroidManifest.xml:25:5-29:19
MERGED from [com.google.firebase:firebase-iid-license:11.6.0] AndroidManifest.xml:5:5-20
MERGED from [com.google.firebase:firebase-iid-license:11.6.0] AndroidManifest.xml:5:5-20
MERGED from [com.google.android.gms:play-services-basement-license:11.6.0] AndroidManifest.xml:5:5-20
MERGED from [com.google.android.gms:play-services-basement-license:11.6.0] AndroidManifest.xml:5:5-20
MERGED from [com.google.firebase:firebase-common-license:11.6.0] AndroidManifest.xml:5:5-20
MERGED from [com.google.firebase:firebase-common-license:11.6.0] AndroidManifest.xml:5:5-20
MERGED from [com.google.android.gms:play-services-tasks-license:11.6.0] AndroidManifest.xml:5:5-20
MERGED from [com.google.android.gms:play-services-tasks-license:11.6.0] AndroidManifest.xml:5:5-20
MERGED from [com.google.firebase:firebase-analytics-impl-license:11.6.0] AndroidManifest.xml:5:5-20
MERGED from [com.google.firebase:firebase-analytics-impl-license:11.6.0] AndroidManifest.xml:5:5-20
MERGED from [android.arch.lifecycle:runtime:1.0.0] AndroidManifest.xml:24:5-28:19
MERGED from [android.arch.lifecycle:runtime:1.0.0] AndroidManifest.xml:24:5-28:19
	android:supportsRtl
		ADDED from [com.netease.nimlib:jsbridge:1.3.1] AndroidManifest.xml:14:9-35
	android:label
		ADDED from nim_demo\demo\AndroidManifest.xml:72:9-41
	android:icon
		ADDED from nim_demo\demo\AndroidManifest.xml:71:9-41
	android:allowBackup
		ADDED from nim_demo\demo\AndroidManifest.xml:70:9-35
	android:theme
		ADDED from nim_demo\demo\AndroidManifest.xml:73:9-52
	android:name
		ADDED from nim_demo\demo\AndroidManifest.xml:69:9-39
meta-data#com.netease.nim.appKey
ADDED from nim_demo\demo\AndroidManifest.xml:80:9-82:55
	android:value
		ADDED from nim_demo\demo\AndroidManifest.xml:82:4-52
	android:name
		ADDED from nim_demo\demo\AndroidManifest.xml:81:13-50
uses-library#com.google.android.maps
ADDED from nim_demo\demo\AndroidManifest.xml:84:9-86:40
	android:required
		ADDED from nim_demo\demo\AndroidManifest.xml:86:13-37
	android:name
		ADDED from nim_demo\demo\AndroidManifest.xml:85:13-51
meta-data#JRMF_PARTNER_NAME
ADDED from nim_demo\demo\AndroidManifest.xml:89:9-91:36
	android:value
		ADDED from nim_demo\demo\AndroidManifest.xml:91:13-33
	android:name
		ADDED from nim_demo\demo\AndroidManifest.xml:90:13-45
activity#com.netease.nim.demo.wxapi.WXPayEntryActivity
ADDED from nim_demo\demo\AndroidManifest.xml:93:9-96:46
	android:launchMode
		ADDED from nim_demo\demo\AndroidManifest.xml:96:13-43
	android:exported
		ADDED from nim_demo\demo\AndroidManifest.xml:95:13-36
	android:name
		ADDED from nim_demo\demo\AndroidManifest.xml:94:13-53
activity#com.switfpass.pay.activity.PayResultActivity
ADDED from nim_demo\demo\AndroidManifest.xml:97:9-100:46
	android:launchMode
		ADDED from nim_demo\demo\AndroidManifest.xml:100:13-43
	android:exported
		ADDED from nim_demo\demo\AndroidManifest.xml:99:13-36
	android:name
		ADDED from nim_demo\demo\AndroidManifest.xml:98:13-72
meta-data#android.max_aspect
ADDED from nim_demo\demo\AndroidManifest.xml:105:9-107:35
	android:value
		ADDED from nim_demo\demo\AndroidManifest.xml:107:13-32
	android:name
		ADDED from nim_demo\demo\AndroidManifest.xml:106:13-46
activity#com.netease.nim.demo.main.activity.WelcomeActivity
ADDED from nim_demo\demo\AndroidManifest.xml:110:9-125:20
	android:screenOrientation
		ADDED from nim_demo\demo\AndroidManifest.xml:116:13-49
	android:label
		ADDED from nim_demo\demo\AndroidManifest.xml:114:13-45
	android:launchMode
		ADDED from nim_demo\demo\AndroidManifest.xml:115:13-43
	android:hardwareAccelerated
		ADDED from nim_demo\demo\AndroidManifest.xml:113:13-47
	android:windowSoftInputMode
		ADDED from nim_demo\demo\AndroidManifest.xml:118:13-52
	android:configChanges
		ADDED from nim_demo\demo\AndroidManifest.xml:112:13-63
	android:theme
		ADDED from nim_demo\demo\AndroidManifest.xml:117:13-65
	android:name
		ADDED from nim_demo\demo\AndroidManifest.xml:111:13-58
intent-filter#android.intent.action.MAIN+android.intent.category.LAUNCHER+android.intent.category.MULTIWINDOW_LAUNCHER
ADDED from nim_demo\demo\AndroidManifest.xml:119:13-124:29
action#android.intent.action.MAIN
ADDED from nim_demo\demo\AndroidManifest.xml:120:17-69
	android:name
		ADDED from nim_demo\demo\AndroidManifest.xml:120:25-66
category#android.intent.category.LAUNCHER
ADDED from nim_demo\demo\AndroidManifest.xml:122:17-77
	android:name
		ADDED from nim_demo\demo\AndroidManifest.xml:122:27-74
category#android.intent.category.MULTIWINDOW_LAUNCHER
ADDED from nim_demo\demo\AndroidManifest.xml:123:17-89
	android:name
		ADDED from nim_demo\demo\AndroidManifest.xml:123:27-86
activity#com.netease.nim.demo.main.activity.MainActivity
ADDED from nim_demo\demo\AndroidManifest.xml:128:9-135:55
	android:screenOrientation
		ADDED from nim_demo\demo\AndroidManifest.xml:133:13-49
	android:launchMode
		ADDED from nim_demo\demo\AndroidManifest.xml:132:13-43
	android:hardwareAccelerated
		ADDED from nim_demo\demo\AndroidManifest.xml:131:13-47
	android:windowSoftInputMode
		ADDED from nim_demo\demo\AndroidManifest.xml:135:13-52
	android:configChanges
		ADDED from nim_demo\demo\AndroidManifest.xml:130:13-63
	android:theme
		ADDED from nim_demo\demo\AndroidManifest.xml:134:13-56
	android:name
		ADDED from nim_demo\demo\AndroidManifest.xml:129:13-55
activity#com.netease.nim.demo.main.activity.MultiportActivity
ADDED from nim_demo\demo\AndroidManifest.xml:138:9-143:70
	android:screenOrientation
		ADDED from nim_demo\demo\AndroidManifest.xml:141:13-49
	android:windowSoftInputMode
		ADDED from nim_demo\demo\AndroidManifest.xml:143:13-67
	android:configChanges
		ADDED from nim_demo\demo\AndroidManifest.xml:140:13-63
	android:theme
		ADDED from nim_demo\demo\AndroidManifest.xml:142:13-56
	android:name
		ADDED from nim_demo\demo\AndroidManifest.xml:139:13-60
activity#com.netease.nim.demo.login.LoginActivity
ADDED from nim_demo\demo\AndroidManifest.xml:146:9-152:70
	android:screenOrientation
		ADDED from nim_demo\demo\AndroidManifest.xml:150:13-49
	android:label
		ADDED from nim_demo\demo\AndroidManifest.xml:149:13-42
	android:windowSoftInputMode
		ADDED from nim_demo\demo\AndroidManifest.xml:152:13-67
	android:configChanges
		ADDED from nim_demo\demo\AndroidManifest.xml:148:13-48
	android:theme
		ADDED from nim_demo\demo\AndroidManifest.xml:151:13-46
	android:name
		ADDED from nim_demo\demo\AndroidManifest.xml:147:13-48
activity#com.netease.nim.demo.main.activity.AboutActivity
ADDED from nim_demo\demo\AndroidManifest.xml:155:9-161:75
	android:screenOrientation
		ADDED from nim_demo\demo\AndroidManifest.xml:159:13-49
	android:label
		ADDED from nim_demo\demo\AndroidManifest.xml:158:13-42
	android:windowSoftInputMode
		ADDED from nim_demo\demo\AndroidManifest.xml:161:13-72
	android:configChanges
		ADDED from nim_demo\demo\AndroidManifest.xml:157:13-48
	android:theme
		ADDED from nim_demo\demo\AndroidManifest.xml:160:13-56
	android:name
		ADDED from nim_demo\demo\AndroidManifest.xml:156:13-56
activity#com.netease.nim.demo.main.activity.SettingsActivity
ADDED from nim_demo\demo\AndroidManifest.xml:163:9-168:63
	android:screenOrientation
		ADDED from nim_demo\demo\AndroidManifest.xml:166:13-49
	android:windowSoftInputMode
		ADDED from nim_demo\demo\AndroidManifest.xml:168:13-60
	android:configChanges
		ADDED from nim_demo\demo\AndroidManifest.xml:165:13-48
	android:theme
		ADDED from nim_demo\demo\AndroidManifest.xml:167:13-56
	android:name
		ADDED from nim_demo\demo\AndroidManifest.xml:164:13-59
activity#com.netease.nim.demo.main.activity.NoDisturbActivity
ADDED from nim_demo\demo\AndroidManifest.xml:170:9-175:75
	android:screenOrientation
		ADDED from nim_demo\demo\AndroidManifest.xml:173:13-49
	android:windowSoftInputMode